[debug] [2020-02-15T21:10:23.065Z] ----------------------------------------------------------------------
[debug] [2020-02-15T21:10:23.067Z] Command:       /usr/local/bin/firebase /Users/dusty/.cache/firebase/tools/lib/node_modules/firebase-tools/lib/bin/firebase serve
[debug] [2020-02-15T21:10:23.067Z] CLI Version:   7.11.0
[debug] [2020-02-15T21:10:23.067Z] Platform:      darwin
[debug] [2020-02-15T21:10:23.067Z] Node Version:  v10.17.0
[debug] [2020-02-15T21:10:23.068Z] Time:          Sat Feb 15 2020 13:10:23 GMT-0800 (Pacific Standard Time)
[debug] [2020-02-15T21:10:23.068Z] ----------------------------------------------------------------------
[debug] [2020-02-15T21:10:23.068Z] 
[debug] [2020-02-15T21:10:23.077Z] > command requires scopes: ["email","openid","https://www.googleapis.com/auth/cloudplatformprojects.readonly","https://www.googleapis.com/auth/firebase","https://www.googleapis.com/auth/cloud-platform"]
[debug] [2020-02-15T21:10:23.077Z] > authorizing via signed-in user
[debug] [2020-02-15T21:10:23.077Z] [iam] checking project karaoke-team for permissions ["firebase.projects.get"]
[debug] [2020-02-15T21:10:23.078Z] > refreshing access token with scopes: ["email","https://www.googleapis.com/auth/cloud-platform","https://www.googleapis.com/auth/cloudplatformprojects.readonly","https://www.googleapis.com/auth/firebase","openid"]
[debug] [2020-02-15T21:10:23.079Z] >>> HTTP REQUEST POST https://www.googleapis.com/oauth2/v3/token  
 <request body omitted>
[debug] [2020-02-15T21:10:23.252Z] <<< HTTP RESPONSE 200
[debug] [2020-02-15T21:10:23.268Z] >>> HTTP REQUEST POST https://cloudresourcemanager.googleapis.com/v1/projects/karaoke-team:testIamPermissions  

[debug] [2020-02-15T21:10:23.412Z] <<< HTTP RESPONSE 200
[debug] [2020-02-15T21:10:23.414Z] >>> HTTP REQUEST GET https://firebase.googleapis.com/v1beta1/projects/karaoke-team  
 
[debug] [2020-02-15T21:10:23.615Z] <<< HTTP RESPONSE 200
[info] 
[info] === Serving from '/Users/dusty/Dropbox/Code/epicodus/Karaoke-team'...
[info] 
[debug] [2020-02-15T21:10:23.618Z] >>> HTTP REQUEST GET https://firebase.googleapis.com/v1beta1/projects/karaoke-team/webApps/-/config  
 
[debug] [2020-02-15T21:10:23.906Z] <<< HTTP RESPONSE 200
[info] i  hosting: Serving hosting files from: dist
[info] ✔  hosting: Local server: http://localhost:5000
